2025-11-10 21:36:16,881 INFO  [main] o.s.b.StartupInfoLogger: Starting GatewayIntegrationTest using Java 17.0.16 with PID 97616 (started by dhruvkumar.v in C:\Users\dhruvkumar.v\ewallet\wallet)
2025-11-10 21:36:16,883 DEBUG [main] o.s.b.StartupInfoLogger: Running with Spring Boot v3.5.7, Spring v6.2.12
2025-11-10 21:36:16,885 INFO  [main] o.s.b.SpringApplication: No active profile set, falling back to 1 default profile: "default"
2025-11-10 21:36:18,129 INFO  [main] o.s.d.r.c.RepositoryConfigurationDelegate: Bootstrapping Spring Data JPA repositories in DEFAULT mode.
2025-11-10 21:36:18,439 INFO  [main] o.s.d.r.c.RepositoryConfigurationDelegate: Finished Spring Data repository scanning in 292 ms. Found 4 JPA repository interfaces.
2025-11-10 21:36:19,620 INFO  [main] c.z.h.HikariDataSource: HikariPool-1 - Starting...
2025-11-10 21:36:20,054 INFO  [main] c.z.h.p.HikariPool: HikariPool-1 - Added connection conn0: url=jdbc:h2:mem:e74a0157-9bf2-403a-9035-6c8d4274fd4c user=SA
2025-11-10 21:36:20,054 INFO  [main] c.z.h.HikariDataSource: HikariPool-1 - Start completed.
2025-11-10 21:36:20,146 INFO  [main] o.h.j.i.u.LogHelper: HHH000204: Processing PersistenceUnitInfo [name: default]
2025-11-10 21:36:20,290 INFO  [main] o.h.Version: HHH000412: Hibernate ORM core version 6.6.33.Final
2025-11-10 21:36:20,390 INFO  [main] o.h.c.i.RegionFactoryInitiator: HHH000026: Second-level cache disabled
2025-11-10 21:36:20,880 INFO  [main] o.s.o.j.p.SpringPersistenceUnitInfo: No LoadTimeWeaver setup: ignoring JPA class transformer
2025-11-10 21:36:21,036 INFO  [main] o.h.e.j.e.i.JdbcEnvironmentInitiator: HHH10001005: Database info:
	Database JDBC URL [Connecting through datasource 'HikariDataSource (HikariPool-1)']
	Database driver: undefined/unknown
	Database version: 2.3.232
	Autocommit mode: undefined/unknown
	Isolation level: undefined/unknown
	Minimum pool size: undefined/unknown
	Maximum pool size: undefined/unknown
2025-11-10 21:36:22,248 INFO  [main] o.h.e.t.j.p.i.JtaPlatformInitiator: HHH000489: No JTA platform available (set 'hibernate.transaction.jta.platform' to enable JTA platform integration)
2025-11-10 21:36:22,344 INFO  [main] o.s.o.j.AbstractEntityManagerFactoryBean: Initialized JPA EntityManagerFactory for persistence unit 'default'
2025-11-10 21:36:25,003 INFO  [main] o.s.b.w.e.n.NettyWebServer: Netty started on port 52604 (http)
2025-11-10 21:36:25,022 INFO  [main] o.s.b.StartupInfoLogger: Started GatewayIntegrationTest in 8.802 seconds (process running for 10.704)
2025-11-10 21:36:37,098 INFO  [parallel-1] c.h.e.c.SettlementController: Triggering day-end settlements
2025-11-10 21:36:37,108 INFO  [parallel-1] c.h.e.s.i.SettlementServiceImpl: Starting day-end settlement process
2025-11-10 21:36:37,294 INFO  [parallel-1] c.h.e.s.i.SettlementServiceImpl: Found 0 merchants for day-end settlement
2025-11-10 21:36:37,294 INFO  [parallel-1] c.h.e.s.i.SettlementServiceImpl: Day-end settlement process completed. Success: 0, Failures: 0
2025-11-10 21:36:37,296 INFO  [parallel-1] c.h.e.c.SettlementController: Successfully processed day-end settlements
2025-11-10 21:36:38,037 INFO  [main] c.h.e.s.i.SettlementServiceImpl: Initiating settlement process for merchant: NOPE
2025-11-10 21:36:38,049 ERROR [main] c.h.e.s.i.SettlementServiceImpl: Merchant not found with ID: NOPE
2025-11-10 21:36:38,093 INFO  [main] c.h.e.s.i.SettlementServiceImpl: Starting to process pending settlements
2025-11-10 21:36:38,094 DEBUG [main] c.h.e.s.i.SettlementServiceImpl: Fetching pending settlements before: 2025-11-10T21:36:38.094982800
2025-11-10 21:36:38,095 INFO  [main] c.h.e.s.i.SettlementServiceImpl: Found 1 pending settlements to process
2025-11-10 21:36:38,097 DEBUG [main] c.h.e.s.i.SettlementServiceImpl: Processing settlement ID: null
2025-11-10 21:36:38,098 INFO  [main] c.h.e.s.i.SettlementServiceImpl: Successfully processed settlement ID: null
2025-11-10 21:36:38,098 INFO  [main] c.h.e.s.i.SettlementServiceImpl: Completed processing all pending settlements
2025-11-10 21:36:38,125 INFO  [main] c.h.e.s.i.SettlementServiceImpl: Initiating settlement process for merchant: M1
2025-11-10 21:36:38,126 DEBUG [main] c.h.e.s.i.SettlementServiceImpl: Calculating settlement amount for merchant: M1
2025-11-10 21:36:38,126 INFO  [main] c.h.e.s.i.SettlementServiceImpl: Settlement amount calculated for merchant M1: 280
2025-11-10 21:36:38,128 INFO  [main] c.h.e.s.i.SettlementServiceImpl: Saving settlement for merchant: M1, reference number: STL-1F02D90B
2025-11-10 21:36:38,130 DEBUG [main] c.h.e.s.i.SettlementServiceImpl: Settlement saved successfully with ID: null
2025-11-10 21:36:38,145 INFO  [main] c.h.e.s.i.SettlementServiceImpl: Starting to process pending settlements
2025-11-10 21:36:38,147 DEBUG [main] c.h.e.s.i.SettlementServiceImpl: Fetching pending settlements before: 2025-11-10T21:36:38.147607100
2025-11-10 21:36:38,147 INFO  [main] c.h.e.s.i.SettlementServiceImpl: Found 1 pending settlements to process
2025-11-10 21:36:38,147 DEBUG [main] c.h.e.s.i.SettlementServiceImpl: Processing settlement ID: null
2025-11-10 21:36:38,147 INFO  [main] c.h.e.s.i.SettlementServiceImpl: Successfully processed settlement ID: null
2025-11-10 21:36:38,149 INFO  [main] c.h.e.s.i.SettlementServiceImpl: Completed processing all pending settlements
2025-11-10 21:36:38,162 INFO  [main] o.s.t.c.s.AnnotationConfigContextLoaderUtils: Could not detect default configuration classes for test class [com.hcl.ewallet.WalletApplicationTests]: WalletApplicationTests does not declare any static, non-private, non-final, nested classes annotated with @Configuration.
2025-11-10 21:36:38,166 INFO  [main] o.s.b.t.c.SpringBootTestContextBootstrapper: Found @SpringBootConfiguration com.hcl.ewallet.WalletApplication for test class com.hcl.ewallet.WalletApplicationTests
2025-11-10 21:36:38,251 INFO  [main] o.s.b.StartupInfoLogger: Starting WalletApplicationTests using Java 17.0.16 with PID 97616 (started by dhruvkumar.v in C:\Users\dhruvkumar.v\ewallet\wallet)
2025-11-10 21:36:38,251 DEBUG [main] o.s.b.StartupInfoLogger: Running with Spring Boot v3.5.7, Spring v6.2.12
2025-11-10 21:36:38,253 INFO  [main] o.s.b.SpringApplication: No active profile set, falling back to 1 default profile: "default"
2025-11-10 21:36:38,729 INFO  [main] o.s.d.r.c.RepositoryConfigurationDelegate: Bootstrapping Spring Data JPA repositories in DEFAULT mode.
2025-11-10 21:36:38,794 INFO  [main] o.s.d.r.c.RepositoryConfigurationDelegate: Finished Spring Data repository scanning in 63 ms. Found 4 JPA repository interfaces.
2025-11-10 21:36:39,008 INFO  [main] c.z.h.HikariDataSource: HikariPool-2 - Starting...
2025-11-10 21:36:39,012 INFO  [main] c.z.h.p.HikariPool: HikariPool-2 - Added connection conn10: url=jdbc:h2:mem:1313d7cd-a88b-434b-a364-840024bb1767 user=SA
2025-11-10 21:36:39,014 INFO  [main] c.z.h.HikariDataSource: HikariPool-2 - Start completed.
2025-11-10 21:36:39,016 INFO  [main] o.h.j.i.u.LogHelper: HHH000204: Processing PersistenceUnitInfo [name: default]
2025-11-10 21:36:39,022 INFO  [main] o.h.c.i.RegionFactoryInitiator: HHH000026: Second-level cache disabled
2025-11-10 21:36:39,053 INFO  [main] o.s.o.j.p.SpringPersistenceUnitInfo: No LoadTimeWeaver setup: ignoring JPA class transformer
2025-11-10 21:36:39,057 INFO  [main] o.h.e.j.e.i.JdbcEnvironmentInitiator: HHH10001005: Database info:
	Database JDBC URL [Connecting through datasource 'HikariDataSource (HikariPool-2)']
	Database driver: undefined/unknown
	Database version: 2.3.232
	Autocommit mode: undefined/unknown
	Isolation level: undefined/unknown
	Minimum pool size: undefined/unknown
	Maximum pool size: undefined/unknown
2025-11-10 21:36:39,135 INFO  [main] o.h.e.t.j.p.i.JtaPlatformInitiator: HHH000489: No JTA platform available (set 'hibernate.transaction.jta.platform' to enable JTA platform integration)
2025-11-10 21:36:39,154 INFO  [main] o.s.o.j.AbstractEntityManagerFactoryBean: Initialized JPA EntityManagerFactory for persistence unit 'default'
2025-11-10 21:36:39,543 INFO  [main] o.s.b.StartupInfoLogger: Started WalletApplicationTests in 1.364 seconds (process running for 25.226)
2025-11-10 21:36:39,660 INFO  [SpringApplicationShutdownHook] o.s.b.w.e.n.GracefulShutdown: Commencing graceful shutdown. Waiting for active requests to complete
2025-11-10 21:36:39,688 INFO  [netty-shutdown] o.s.b.w.e.n.GracefulShutdown: Graceful shutdown complete
2025-11-10 21:36:41,800 INFO  [SpringApplicationShutdownHook] o.s.o.j.AbstractEntityManagerFactoryBean: Closing JPA EntityManagerFactory for persistence unit 'default'
2025-11-10 21:36:41,810 INFO  [SpringApplicationShutdownHook] c.z.h.HikariDataSource: HikariPool-1 - Shutdown initiated...
2025-11-10 21:36:41,814 INFO  [SpringApplicationShutdownHook] c.z.h.HikariDataSource: HikariPool-1 - Shutdown completed.
2025-11-10 21:36:41,818 INFO  [SpringApplicationShutdownHook] o.s.o.j.AbstractEntityManagerFactoryBean: Closing JPA EntityManagerFactory for persistence unit 'default'
2025-11-10 21:36:41,822 INFO  [SpringApplicationShutdownHook] c.z.h.HikariDataSource: HikariPool-2 - Shutdown initiated...
2025-11-10 21:36:41,825 INFO  [SpringApplicationShutdownHook] c.z.h.HikariDataSource: HikariPool-2 - Shutdown completed.
